2018-01-11 12:45:55,414:__main__:INFO:We are going to transform the template _mbez_ into _pyjz_ in _10_ steps! Starting...
2018-01-11 12:45:55,445:__main__:INFO:
============ Files selected ============
Control file: control_ben.conf
PDB file: 181l_prepared_met
Results folder name: growing_output

2018-01-11 12:46:04,250:__main__:INFO:SIMULATION FOR control_file_grw_a COMPLETED!!! 
2018-01-11 12:46:04,258:__main__:INFO:Step of the Trajectory selected in 181l_prepared_met_b.pdb
2018-01-11 12:46:04,436:__main__:INFO:SIMULATION FOR control_file_grw_b COMPLETED!!! 
2018-01-11 12:46:09,311:__main__:INFO:We are going to transform the template _mbez_ into _pyjz_ in _10_ steps! Starting...
2018-01-11 12:46:09,319:__main__:INFO:
============ Files selected ============
Control file: control_ben.conf
PDB file: 181l_prepared_met
Results folder name: growing_output

2018-01-11 12:49:59,929:__main__:INFO:SIMULATION FOR control_file_grw_a COMPLETED!!! 
2018-01-11 12:49:59,938:__main__:INFO:Step of the Trajectory selected in 181l_prepared_met_b.pdb
2018-01-11 12:53:43,272:__main__:INFO:SIMULATION FOR control_file_grw_b COMPLETED!!! 
2018-01-11 12:53:43,281:__main__:INFO:Step of the Trajectory selected in 181l_prepared_met_c.pdb
2018-01-11 12:53:46,285:__main__:INFO:SIMULATION FOR control_file_grw_c COMPLETED!!! 
2018-01-11 15:29:51,636:__main__:INFO:We are going to transform the template _mbez_ into _pyjz_ in _10_ steps! Starting...
2018-01-11 15:29:51,643:__main__:INFO:
============ Files selected ============
Control file: control_ben.conf
PDB file: 181l_prepared_met
Results folder name: growing_output

2018-01-11 15:33:04,547:__main__:INFO:We are going to transform the template _mbez_ into _pyjz_ in _10_ steps! Starting...
2018-01-11 15:33:04,555:__main__:INFO:
============ Files selected ============
Control file: control_ben.conf
PDB file: 181l_prepared_met
Results folder name: growing_output

