2018-02-02 17:24:06,525 - __main__ - INFO : 
============ Files selected ============
Control file: control_template.conf
PDB file: 181l_prepared_met.pdb
Results folder name: growing_output_0

2018-02-02 17:26:04,517 - __main__ - INFO : SIMULATION 0 COMPLETED!!! 
2018-02-02 17:26:04,526 - Growing.template_selector - INFO : :::.MODEL     1 has been selected.:::
2018-02-02 17:26:04,529 - __main__ - INFO : 
============ Files selected ============
Control file: control_template.conf
PDB file: 181l_prepared_met.pdb
Results folder name: growing_output_1

2018-02-02 17:27:50,387 - __main__ - INFO : SIMULATION 1 COMPLETED!!! 
2018-02-02 17:27:50,396 - Growing.template_selector - INFO : :::.MODEL     1 has been selected.:::
2018-02-02 17:27:50,399 - __main__ - INFO : 
============ Files selected ============
Control file: control_template.conf
PDB file: 181l_prepared_met.pdb
Results folder name: growing_output_2

2018-02-02 17:29:57,350 - __main__ - INFO : SIMULATION 2 COMPLETED!!! 
2018-02-02 17:29:57,358 - Growing.template_selector - INFO : :::.MODEL     2 has been selected.:::
2018-02-02 17:29:57,361 - __main__ - INFO : 
============ Files selected ============
Control file: control_template.conf
PDB file: 181l_prepared_met.pdb
Results folder name: growing_output_3

2018-02-02 17:31:56,860 - __main__ - INFO : SIMULATION 3 COMPLETED!!! 
2018-02-02 17:31:56,868 - Growing.template_selector - INFO : :::.MODEL     5 has been selected.:::
2018-02-02 17:31:56,871 - __main__ - INFO : 
============ Files selected ============
Control file: control_template.conf
PDB file: 181l_prepared_met.pdb
Results folder name: growing_output_4

2018-02-02 17:33:48,653 - __main__ - INFO : SIMULATION 4 COMPLETED!!! 
2018-02-02 17:33:48,661 - Growing.template_selector - INFO : :::.MODEL     2 has been selected.:::
2018-02-02 17:33:48,664 - __main__ - INFO : 
============ Files selected ============
Control file: control_template.conf
PDB file: 181l_prepared_met.pdb
Results folder name: growing_output_5

2018-02-02 17:35:47,502 - __main__ - INFO : SIMULATION 5 COMPLETED!!! 
2018-02-02 17:35:47,510 - Growing.template_selector - INFO : :::.MODEL     1 has been selected.:::
2018-02-02 17:35:47,513 - __main__ - INFO : 
============ Files selected ============
Control file: control_template.conf
PDB file: 181l_prepared_met.pdb
Results folder name: growing_output_6

2018-02-02 17:37:46,103 - __main__ - INFO : SIMULATION 6 COMPLETED!!! 
2018-02-02 17:37:46,111 - Growing.template_selector - INFO : :::.MODEL     1 has been selected.:::
2018-02-02 17:37:46,114 - __main__ - INFO : 
============ Files selected ============
Control file: control_template.conf
PDB file: 181l_prepared_met.pdb
Results folder name: growing_output_7

2018-02-02 17:39:39,287 - __main__ - INFO : SIMULATION 7 COMPLETED!!! 
2018-02-02 17:39:39,296 - Growing.template_selector - INFO : :::.MODEL     1 has been selected.:::
2018-02-02 17:39:39,299 - __main__ - INFO : 
============ Files selected ============
Control file: control_template.conf
PDB file: 181l_prepared_met.pdb
Results folder name: growing_output_8

2018-02-02 17:41:23,920 - __main__ - INFO : SIMULATION 8 COMPLETED!!! 
2018-02-02 17:41:23,928 - Growing.template_selector - INFO : :::.MODEL     2 has been selected.:::
2018-02-02 17:41:23,930 - __main__ - INFO : 
============ Files selected ============
Control file: control_template.conf
PDB file: 181l_prepared_met.pdb
Results folder name: growing_output_9

2018-02-02 17:43:24,473 - __main__ - INFO : SIMULATION 9 COMPLETED!!! 
2018-02-02 17:43:24,482 - Growing.template_selector - INFO : :::.MODEL     4 has been selected.:::
